[debug] [2023-04-03T02:08:28.034Z] ----------------------------------------------------------------------
[debug] [2023-04-03T02:08:28.038Z] Command:       C:\Program Files\nodejs\node.exe C:\Users\doixu\AppData\Roaming\npm\node_modules\firebase-tools\lib\bin\firebase.js deploy
[debug] [2023-04-03T02:08:28.039Z] CLI Version:   11.19.0
[debug] [2023-04-03T02:08:28.039Z] Platform:      win32
[debug] [2023-04-03T02:08:28.039Z] Node Version:  v16.18.0
[debug] [2023-04-03T02:08:28.040Z] Time:          Mon Apr 03 2023 09:08:28 GMT+0700 (Indochina Time)
[debug] [2023-04-03T02:08:28.040Z] ----------------------------------------------------------------------
[debug] 
[debug] [2023-04-03T02:08:28.106Z] > command requires scopes: ["email","openid","https://www.googleapis.com/auth/cloudplatformprojects.readonly","https://www.googleapis.com/auth/firebase","https://www.googleapis.com/auth/cloud-platform"]
[debug] [2023-04-03T02:08:28.107Z] > authorizing via signed-in user (datltse161707@fpt.edu.vn)
[debug] [2023-04-03T02:08:28.107Z] [iam] checking project campus-map-f1a9f for permissions ["cloudfunctions.functions.create","cloudfunctions.functions.delete","cloudfunctions.functions.get","cloudfunctions.functions.list","cloudfunctions.functions.update","cloudfunctions.operations.get","firebase.projects.get","firebasehosting.sites.update"]
[debug] [2023-04-03T02:08:28.109Z] >>> [apiv2][query] POST https://cloudresourcemanager.googleapis.com/v1/projects/campus-map-f1a9f:testIamPermissions [none]
[debug] [2023-04-03T02:08:28.109Z] >>> [apiv2][(partial)header] POST https://cloudresourcemanager.googleapis.com/v1/projects/campus-map-f1a9f:testIamPermissions x-goog-quota-user=projects/campus-map-f1a9f
[debug] [2023-04-03T02:08:28.109Z] >>> [apiv2][body] POST https://cloudresourcemanager.googleapis.com/v1/projects/campus-map-f1a9f:testIamPermissions {"permissions":["cloudfunctions.functions.create","cloudfunctions.functions.delete","cloudfunctions.functions.get","cloudfunctions.functions.list","cloudfunctions.functions.update","cloudfunctions.operations.get","firebase.projects.get","firebasehosting.sites.update"]}
[debug] [2023-04-03T02:08:29.466Z] <<< [apiv2][status] POST https://cloudresourcemanager.googleapis.com/v1/projects/campus-map-f1a9f:testIamPermissions 200
[debug] [2023-04-03T02:08:29.467Z] <<< [apiv2][body] POST https://cloudresourcemanager.googleapis.com/v1/projects/campus-map-f1a9f:testIamPermissions {"permissions":["cloudfunctions.functions.create","cloudfunctions.functions.delete","cloudfunctions.functions.get","cloudfunctions.functions.list","cloudfunctions.functions.update","cloudfunctions.operations.get","firebase.projects.get","firebasehosting.sites.update"]}
[debug] [2023-04-03T02:08:29.467Z] >>> [apiv2][query] POST https://iam.googleapis.com/v1/projects/campus-map-f1a9f/serviceAccounts/campus-map-f1a9f@appspot.gserviceaccount.com:testIamPermissions [none]
[debug] [2023-04-03T02:08:29.467Z] >>> [apiv2][body] POST https://iam.googleapis.com/v1/projects/campus-map-f1a9f/serviceAccounts/campus-map-f1a9f@appspot.gserviceaccount.com:testIamPermissions {"permissions":["iam.serviceAccounts.actAs"]}
[debug] [2023-04-03T02:08:31.003Z] <<< [apiv2][status] POST https://iam.googleapis.com/v1/projects/campus-map-f1a9f/serviceAccounts/campus-map-f1a9f@appspot.gserviceaccount.com:testIamPermissions 200
[debug] [2023-04-03T02:08:31.003Z] <<< [apiv2][body] POST https://iam.googleapis.com/v1/projects/campus-map-f1a9f/serviceAccounts/campus-map-f1a9f@appspot.gserviceaccount.com:testIamPermissions {"permissions":["iam.serviceAccounts.actAs"]}
[debug] [2023-04-03T02:08:31.006Z] >>> [apiv2][query] GET https://firebase.googleapis.com/v1beta1/projects/campus-map-f1a9f [none]
[debug] [2023-04-03T02:08:31.613Z] <<< [apiv2][status] GET https://firebase.googleapis.com/v1beta1/projects/campus-map-f1a9f 200
[debug] [2023-04-03T02:08:31.614Z] <<< [apiv2][body] GET https://firebase.googleapis.com/v1beta1/projects/campus-map-f1a9f {"projectId":"campus-map-f1a9f","projectNumber":"714050157923","displayName":"campus-map","name":"projects/campus-map-f1a9f","resources":{"hostingSite":"campus-map-f1a9f"},"state":"ACTIVE","etag":"1_98abff5a-4c4e-467d-8998-518c4e60910e"}
[debug] [2023-04-03T02:08:37.416Z] defaultcredentials: writing to file C:\Users\doixu\AppData\Roaming\firebase\datltse161707_fpt_edu.vn_application_default_credentials.json
[debug] [2023-04-03T02:08:37.419Z] >>> [apiv2][query] GET https://firebasehosting.googleapis.com/v1beta1/projects/campus-map-f1a9f/sites pageToken=&pageSize=10
[debug] [2023-04-03T02:08:38.997Z] <<< [apiv2][status] GET https://firebasehosting.googleapis.com/v1beta1/projects/campus-map-f1a9f/sites 200
[debug] [2023-04-03T02:08:38.997Z] <<< [apiv2][body] GET https://firebasehosting.googleapis.com/v1beta1/projects/campus-map-f1a9f/sites {"sites":[{"name":"projects/campus-map-f1a9f/sites/campus-map-f1a9f","defaultUrl":"https://campus-map-f1a9f.web.app","type":"DEFAULT_SITE"}]}
[debug] [2023-04-03T02:08:38.998Z] >>> [apiv2][query] GET https://firebasehosting.googleapis.com/v1beta1/projects/campus-map-f1a9f/sites 
[debug] [2023-04-03T02:08:40.275Z] <<< [apiv2][status] GET https://firebasehosting.googleapis.com/v1beta1/projects/campus-map-f1a9f/sites 200
[debug] [2023-04-03T02:08:40.275Z] <<< [apiv2][body] GET https://firebasehosting.googleapis.com/v1beta1/projects/campus-map-f1a9f/sites {"sites":[{"name":"projects/campus-map-f1a9f/sites/campus-map-f1a9f","defaultUrl":"https://campus-map-f1a9f.web.app","type":"DEFAULT_SITE"}]}
[debug] [2023-04-03T02:08:40.275Z] >>> [apiv2][query] GET https://firebase.googleapis.com/v1beta1/projects/campus-map-f1a9f/webApps/-/config [none]
[debug] [2023-04-03T02:08:41.162Z] <<< [apiv2][status] GET https://firebase.googleapis.com/v1beta1/projects/campus-map-f1a9f/webApps/-/config 200
[debug] [2023-04-03T02:08:41.162Z] <<< [apiv2][body] GET https://firebase.googleapis.com/v1beta1/projects/campus-map-f1a9f/webApps/-/config {"projectId":"campus-map-f1a9f","storageBucket":"campus-map-f1a9f.appspot.com","apiKey":"AIzaSyBmJT6Sgij1lW7rrepiFesqNUvTHv_Ql4Q","authDomain":"campus-map-f1a9f.firebaseapp.com","messagingSenderId":"714050157923"}
[debug] [2023-04-03T02:09:07.858Z] TypeError: Cannot read properties of null (reading 'toString')
    at ɵcodegenFunctionsDirectory (C:\Users\doixu\AppData\Roaming\npm\node_modules\firebase-tools\lib\frameworks\next\index.js:220:18)
    at async prepareFrameworks (C:\Users\doixu\AppData\Roaming\npm\node_modules\firebase-tools\lib\frameworks\index.js:305:84)
    at async deploy (C:\Users\doixu\AppData\Roaming\npm\node_modules\firebase-tools\lib\deploy\index.js:53:13)
[error] 
[error] Error: An unexpected error has occurred.
